<?xml version="1.0" encoding="UTF-8"?>
<!-- Generated by org.testng.reporters.JUnitReportReporter -->
<testsuite hostname="AsusShubham" failures="0" tests="1" name="eCommerce.Flipkart" time="23.226" errors="0" timestamp="2023-07-28T03:29:35 IST" skipped="0">
  <testcase classname="eCommerce.Flipkart" name="flipkart" time="23.226"/>
  <system-out/>
</testsuite> <!-- eCommerce.Flipkart -->
