<?xml version="1.0" encoding="UTF-8"?>
<!-- Generated by org.testng.reporters.JUnitReportReporter -->
<testsuite hostname="AsusShubham" failures="0" tests="1" name="eCommerce.Amazon" time="10.945" errors="0" timestamp="2023-07-28T03:29:35 IST" skipped="0">
  <testcase classname="eCommerce.Amazon" name="amazon" time="10.945"/>
  <system-out/>
</testsuite> <!-- eCommerce.Amazon -->
